TN:
SF:src/coords.js
FN:1,vec
FN:3,_vecify
FN:4,anonymous_2
FN:5,anonymous_3
FN:7,spread
FN:8,anonymous_5
FN:10,anonymous_6
FN:12,anonymous_7
FN:15,anonymous_8
FN:16,adjacent
FN:17,vectorTo
FN:19,anonymous_11
FN:20,anonymous_12
FNDA:3171,vec
FNDA:18,_vecify
FNDA:848,anonymous_2
FNDA:1689,anonymous_3
FNDA:55,spread
FNDA:7,anonymous_5
FNDA:584,anonymous_6
FNDA:3,anonymous_7
FNDA:3,anonymous_8
FNDA:2,adjacent
FNDA:3,vectorTo
FNDA:214,anonymous_11
FNDA:37,anonymous_12
FNF:13
FNH:13
BRDA:1,0,0,3
BRDA:1,1,0,3171
BRDA:1,2,0,1685
BRDA:1,3,0,1476
BRDA:3,4,0,18
BRDA:4,5,0,848
BRDA:5,6,0,1689
BRDA:7,7,0,55
BRDA:8,8,0,7
BRDA:10,9,0,584
BRDA:10,10,0,389
BRDA:12,11,0,3
BRDA:15,12,0,3
BRDA:15,13,0,2
BRDA:16,14,0,2
BRDA:17,15,0,3
BRDA:19,16,0,214
BRDA:20,17,0,37
BRF:18
BRH:18
DA:1,3
DA:2,3
DA:3,3
DA:4,18
DA:5,3
DA:6,3
DA:7,3
DA:8,3
DA:9,3
DA:10,3
DA:11,3
DA:12,3
DA:13,3
DA:14,3
DA:15,3
DA:16,3
DA:17,3
DA:18,3
DA:19,3
DA:20,3
LH:20
LF:20
end_of_record
SF:src/graph.js
FN:38,swapTags
FN:40,resetNode
FN:43,anonymous_2
FN:45,resetEdge
FN:47,getEdgeByVector
FN:54,setEdgeLinkByVector
FN:60,edgeHasLinkToVector
FN:68,graphSize
FN:69,coordsInGraphBounds
FN:71,coordsInGraphBorder
FN:73,coordsInGraphCorner
FN:76,checkNearCoords
FN:78,anonymous_12
FN:84,graphGetEdgeBetweenCoords
FN:99,areGraphCoordsInterlinked
FN:106,isGraphEdgeByVectorActive
FN:109,graphCountEdgesAt
FN:119,graphGetEdgeByVector
FN:122,graphSetLinkByVector
FN:133,isGraphEdgeDirectedBetweenCoords
FN:138,countGraphDirEdges
FN:161,isGraphEdgeDirectedByVector
FN:166,doGraphCoordsHaveIncomingLinksOnly
FN:180,graphEnableDirLinkByVector
FN:192,graphEnableDirLinksByCoords
FN:194,graphDisableDirLinksByCoords
FN:199,graphResetNodeAndConnections
FN:208,graphAreNodesBetweenCoordsEditable
FN:225,graphGetEnabledNodesCount
FN:228,anonymous_29
FN:229,anonymous_30
FN:231,graphGetFilledNodesPercentage
FN:234,anonymous_32
FN:235,anonymous_33
FN:246,graphAddNodeTag
FN:252,graphAddNodeTagPreserveLastId
FN:258,graphAddEdgeTagByVector
FN:264,graphAddEdgeTagByCoords
FN:270,graphAddEdgeTagByCoordsPreserveLastId
FN:276,graphAddTagToAllActiveEdgesByCoords
FN:285,graphSwapNodeTags
FN:288,graphNodeHasTags
FN:289,graphNodeCountTags
FN:290,graphNodeHasTag
FN:291,anonymous_44
FN:293,graphEdgeHasTags
FN:296,graphSwapEdgeTags
FN:302,copyEdgeTagsPreservingIds
FN:309,drawCardinalConnectedLine
FN:334,drawConnectedDirectionalRect
FN:357,drawBiconnectedDirectionalRect
FN:365,anonymous_51
FN:366,anonymous_52
FN:393,testSanity
FN:417,anonymous_54
FN:433,tag
FN:434,edge
FN:439,node
FN:451,graph
FN:453,anonymous_59
FN:453,anonymous_60
FNDA:3,swapTags
FNDA:3,resetNode
FNDA:3,anonymous_2
FNDA:3,resetEdge
FNDA:384,getEdgeByVector
FNDA:189,setEdgeLinkByVector
FNDA:2,edgeHasLinkToVector
FNDA:4,graphSize
FNDA:87,coordsInGraphBounds
FNDA:3,coordsInGraphBorder
FNDA:3,coordsInGraphCorner
FNDA:1,checkNearCoords
FNDA:4,anonymous_12
FNDA:189,graphGetEdgeBetweenCoords
FNDA:153,areGraphCoordsInterlinked
FNDA:151,isGraphEdgeByVectorActive
FNDA:12,graphCountEdgesAt
FNDA:43,graphGetEdgeByVector
FNDA:2,graphSetLinkByVector
FNDA:28,isGraphEdgeDirectedBetweenCoords
FNDA:28,countGraphDirEdges
FNDA:6,isGraphEdgeDirectedByVector
FNDA:10,doGraphCoordsHaveIncomingLinksOnly
FNDA:34,graphEnableDirLinkByVector
FNDA:1,graphEnableDirLinksByCoords
FNDA:1,graphDisableDirLinksByCoords
FNDA:4,graphResetNodeAndConnections
FNDA:23,graphAreNodesBetweenCoordsEditable
FNDA:3,graphGetEnabledNodesCount
FNDA:48,anonymous_29
FNDA:48,anonymous_30
FNDA:3,graphGetFilledNodesPercentage
FNDA:48,anonymous_32
FNDA:48,anonymous_33
FNDA:7,graphAddNodeTag
FNDA:1,graphAddNodeTagPreserveLastId
FNDA:6,graphAddEdgeTagByVector
FNDA:2,graphAddEdgeTagByCoords
FNDA:1,graphAddEdgeTagByCoordsPreserveLastId
FNDA:8,graphAddTagToAllActiveEdgesByCoords
FNDA:1,graphSwapNodeTags
FNDA:2,graphNodeHasTags
FNDA:1,graphNodeCountTags
FNDA:2,graphNodeHasTag
FNDA:4,anonymous_44
FNDA:2,graphEdgeHasTags
FNDA:1,graphSwapEdgeTags
FNDA:1,copyEdgeTagsPreservingIds
FNDA:18,drawCardinalConnectedLine
FNDA:8,drawConnectedDirectionalRect
FNDA:5,drawBiconnectedDirectionalRect
FNDA:7,anonymous_51
FNDA:2,anonymous_52
FNDA:136,testSanity
FNDA:1,anonymous_54
FNDA:55,tag
FNDA:528,edge
FNDA:242,node
FNDA:76,graph
FNDA:76,anonymous_59
FNDA:233,anonymous_60
FNF:61
FNH:61
BRDA:1,0,0,1
BRDA:38,1,0,3
BRDA:40,2,0,3
BRDA:41,3,0,1
BRDA:41,4,0,2
BRDA:43,5,0,3
BRDA:45,6,0,3
BRDA:47,7,0,384
BRDA:49,8,0,196
BRDA:50,9,0,188
BRDA:52,10,0,0
BRDA:54,11,0,189
BRDA:60,12,0,2
BRDA:68,13,0,4
BRDA:69,14,0,87
BRDA:70,15,0,77
BRDA:70,16,0,76
BRDA:70,17,0,63
BRDA:71,18,0,3
BRDA:72,19,0,2
BRDA:72,20,0,2
BRDA:72,21,0,1
BRDA:73,22,0,3
BRDA:74,23,0,1
BRDA:74,24,0,2
BRDA:74,25,0,1
BRDA:76,26,0,1
BRDA:78,27,0,4
BRDA:84,28,0,189
BRDA:90,29,0,0
BRDA:91,30,0,90
BRDA:92,31,0,0
BRDA:94,32,0,38
BRDA:95,33,0,36
BRDA:99,34,0,153
BRDA:101,35,0,0
BRDA:102,36,0,142
BRDA:103,37,0,22
BRDA:104,38,0,131
BRDA:106,39,0,151
BRDA:109,40,0,3
BRDA:111,41,0,12
BRDA:113,42,0,4
BRDA:113,43,0,8
BRDA:114,44,0,2
BRDA:119,45,0,43
BRDA:122,46,0,2
BRDA:124,47,0,0
BRDA:126,48,0,0
BRDA:127,49,0,0
BRDA:133,50,0,28
BRDA:135,51,0,20
BRDA:135,52,0,13
BRDA:138,53,0,7
BRDA:139,54,0,2
BRDA:139,55,0,0
BRDA:143,56,0,28
BRDA:145,57,0,11
BRDA:145,58,0,17
BRDA:147,59,0,12
BRDA:150,60,0,3
BRDA:150,61,0,17
BRDA:152,62,0,12
BRDA:155,63,0,5
BRDA:161,64,0,6
BRDA:163,65,0,5
BRDA:166,66,0,3
BRDA:167,67,0,10
BRDA:169,68,0,5
BRDA:170,69,0,2
BRDA:172,70,0,1
BRDA:175,71,0,2
BRDA:180,72,0,34
BRDA:183,73,0,0
BRDA:187,74,0,6
BRDA:187,75,0,28
BRDA:188,76,0,11
BRDA:192,77,0,1
BRDA:194,78,0,1
BRDA:199,79,0,1
BRDA:201,80,0,4
BRDA:202,81,0,2
BRDA:208,82,0,3
BRDA:212,83,0,0
BRDA:213,84,0,0
BRDA:215,85,0,7
BRDA:216,86,0,23
BRDA:217,87,0,1
BRDA:217,88,0,22
BRDA:218,89,0,1
BRDA:219,90,0,5
BRDA:220,91,0,1
BRDA:225,92,0,3
BRDA:228,93,0,48
BRDA:228,94,0,16
BRDA:228,95,0,32
BRDA:229,96,0,48
BRDA:231,97,0,3
BRDA:234,98,0,48
BRDA:234,99,0,32
BRDA:234,100,0,24
BRDA:234,101,0,24
BRDA:235,102,0,48
BRDA:246,103,0,7
BRDA:247,104,0,6
BRDA:252,105,0,1
BRDA:258,106,0,6
BRDA:259,107,0,2
BRDA:264,108,0,2
BRDA:270,109,0,1
BRDA:276,110,0,2
BRDA:278,111,0,8
BRDA:282,112,0,4
BRDA:285,113,0,1
BRDA:288,114,0,2
BRDA:289,115,0,1
BRDA:290,116,0,2
BRDA:291,117,0,4
BRDA:293,118,0,2
BRDA:296,119,0,1
BRDA:302,120,0,1
BRDA:309,121,0,10
BRDA:313,122,0,4
BRDA:313,123,0,6
BRDA:314,124,0,6
BRDA:314,125,0,4
BRDA:321,126,0,12
BRDA:321,127,0,8
BRDA:327,128,0,18
BRDA:327,129,0,12
BRDA:334,130,0,2
BRDA:344,131,0,1
BRDA:347,132,0,8
BRDA:347,133,0,2
BRDA:357,134,0,1
BRDA:371,135,0,3
BRDA:381,136,0,5
BRDA:382,137,0,0
BRDA:365,138,0,7
BRDA:366,139,0,2
BRDA:393,140,0,4
BRDA:397,141,0,12
BRDA:398,142,0,36
BRDA:400,143,0,34
BRDA:401,144,0,1
BRDA:406,145,0,136
BRDA:407,146,0,2
BRDA:414,147,0,2
BRDA:418,148,0,1
BRDA:423,149,0,36
BRDA:424,150,0,12
BRDA:417,151,0,1
BRDA:433,152,0,55
BRDA:434,153,0,528
BRDA:439,154,0,242
BRDA:451,155,0,26
BRDA:457,156,0,76
BRDA:461,157,0,76
BRDA:453,158,0,76
BRDA:453,159,0,233
BRF:160
BRH:148
DA:1,1
DA:2,1
DA:3,1
DA:4,1
DA:5,1
DA:6,1
DA:7,1
DA:8,1
DA:9,1
DA:10,1
DA:11,1
DA:12,1
DA:13,1
DA:14,1
DA:15,1
DA:16,1
DA:17,1
DA:18,1
DA:19,1
DA:20,1
DA:21,1
DA:22,1
DA:23,1
DA:24,1
DA:25,1
DA:26,1
DA:27,1
DA:28,1
DA:29,1
DA:30,1
DA:31,1
DA:32,1
DA:33,1
DA:34,1
DA:35,1
DA:36,1
DA:37,1
DA:38,1
DA:39,1
DA:40,1
DA:41,3
DA:42,3
DA:43,3
DA:44,1
DA:45,1
DA:46,1
DA:47,1
DA:48,384
DA:49,384
DA:50,384
DA:51,188
DA:52,1
DA:53,1
DA:54,1
DA:55,189
DA:56,189
DA:57,189
DA:58,1
DA:59,1
DA:60,1
DA:61,1
DA:62,1
DA:63,1
DA:64,1
DA:65,1
DA:66,1
DA:67,1
DA:68,1
DA:69,1
DA:70,1
DA:71,1
DA:72,1
DA:73,1
DA:74,1
DA:75,1
DA:76,1
DA:77,1
DA:78,1
DA:79,1
DA:80,1
DA:81,1
DA:82,1
DA:83,1
DA:84,1
DA:85,189
DA:86,189
DA:87,189
DA:88,189
DA:89,189
DA:90,189
DA:91,189
DA:92,189
DA:93,189
DA:94,189
DA:95,189
DA:96,189
DA:97,1
DA:98,1
DA:99,1
DA:100,153
DA:101,153
DA:102,153
DA:103,153
DA:104,1
DA:105,1
DA:106,1
DA:107,1
DA:108,1
DA:109,1
DA:110,3
DA:111,3
DA:112,12
DA:113,12
DA:114,12
DA:115,12
DA:116,3
DA:117,1
DA:118,1
DA:119,1
DA:120,1
DA:121,1
DA:122,1
DA:123,2
DA:124,2
DA:125,2
DA:126,2
DA:127,2
DA:128,2
DA:129,1
DA:130,1
DA:131,1
DA:132,1
DA:133,1
DA:134,28
DA:135,28
DA:136,1
DA:137,1
DA:138,1
DA:139,7
DA:140,7
DA:141,7
DA:142,7
DA:143,7
DA:144,28
DA:145,28
DA:146,17
DA:147,28
DA:148,12
DA:149,28
DA:150,28
DA:151,17
DA:152,28
DA:153,12
DA:154,28
DA:155,28
DA:156,28
DA:157,7
DA:158,7
DA:159,1
DA:160,1
DA:161,1
DA:162,6
DA:163,6
DA:164,1
DA:165,1
DA:166,1
DA:167,3
DA:168,10
DA:169,10
DA:170,10
DA:171,2
DA:172,10
DA:173,1
DA:174,1
DA:175,10
DA:176,2
DA:177,2
DA:178,1
DA:179,1
DA:180,1
DA:181,34
DA:182,34
DA:183,34
DA:184,34
DA:185,34
DA:186,34
DA:187,34
DA:188,28
DA:189,34
DA:190,1
DA:191,1
DA:192,1
DA:193,1
DA:194,1
DA:195,1
DA:196,1
DA:197,1
DA:198,1
DA:199,1
DA:200,1
DA:201,1
DA:202,4
DA:203,2
DA:204,2
DA:205,4
DA:206,1
DA:207,1
DA:208,1
DA:209,3
DA:210,3
DA:211,3
DA:212,3
DA:213,3
DA:214,3
DA:215,3
DA:216,7
DA:217,23
DA:218,23
DA:219,23
DA:220,5
DA:221,1
DA:222,1
DA:223,1
DA:224,1
DA:225,1
DA:226,3
DA:227,3
DA:228,3
DA:229,1
DA:230,1
DA:231,1
DA:232,3
DA:233,3
DA:234,3
DA:235,3
DA:236,3
DA:237,3
DA:238,3
DA:239,3
DA:240,3
DA:241,3
DA:242,1
DA:243,1
DA:244,1
DA:245,1
DA:246,1
DA:247,7
DA:248,7
DA:249,7
DA:250,1
DA:251,1
DA:252,1
DA:253,1
DA:254,1
DA:255,1
DA:256,1
DA:257,1
DA:258,1
DA:259,6
DA:260,6
DA:261,6
DA:262,1
DA:263,1
DA:264,1
DA:265,2
DA:266,2
DA:267,2
DA:268,1
DA:269,1
DA:270,1
DA:271,1
DA:272,1
DA:273,1
DA:274,1
DA:275,1
DA:276,1
DA:277,2
DA:278,2
DA:279,8
DA:280,8
DA:281,8
DA:282,8
DA:283,1
DA:284,1
DA:285,1
DA:286,1
DA:287,1
DA:288,1
DA:289,1
DA:290,1
DA:291,1
DA:292,1
DA:293,1
DA:294,1
DA:295,1
DA:296,1
DA:297,1
DA:298,1
DA:299,1
DA:300,1
DA:301,1
DA:302,1
DA:303,1
DA:304,1
DA:305,1
DA:306,1
DA:307,1
DA:308,1
DA:309,1
DA:310,10
DA:311,10
DA:312,10
DA:313,10
DA:314,10
DA:315,10
DA:316,10
DA:317,10
DA:318,10
DA:319,10
DA:320,10
DA:321,10
DA:322,8
DA:323,8
DA:324,8
DA:325,8
DA:326,10
DA:327,10
DA:328,12
DA:329,12
DA:330,12
DA:331,12
DA:332,1
DA:333,1
DA:334,1
DA:335,2
DA:336,2
DA:337,2
DA:338,2
DA:339,2
DA:340,2
DA:341,2
DA:342,2
DA:343,2
DA:344,2
DA:345,2
DA:346,2
DA:347,2
DA:348,1
DA:349,1
DA:350,1
DA:351,1
DA:352,1
DA:353,1
DA:354,1
DA:355,1
DA:356,1
DA:357,1
DA:358,1
DA:359,1
DA:360,1
DA:361,1
DA:362,1
DA:363,1
DA:364,1
DA:365,1
DA:366,1
DA:367,1
DA:368,1
DA:369,1
DA:370,1
DA:371,1
DA:372,3
DA:373,3
DA:374,3
DA:375,3
DA:376,3
DA:377,3
DA:378,3
DA:379,1
DA:380,1
DA:381,1
DA:382,5
DA:383,5
DA:384,5
DA:385,5
DA:386,5
DA:387,5
DA:388,5
DA:389,1
DA:390,1
DA:391,1
DA:392,1
DA:393,1
DA:394,4
DA:395,4
DA:396,4
DA:397,4
DA:398,12
DA:399,36
DA:400,36
DA:401,34
DA:402,1
DA:403,1
DA:404,1
DA:405,34
DA:406,34
DA:407,136
DA:408,2
DA:409,2
DA:410,2
DA:411,2
DA:412,2
DA:413,136
DA:414,36
DA:415,2
DA:416,2
DA:417,2
DA:418,2
DA:419,1
DA:420,1
DA:421,1
DA:422,2
DA:423,36
DA:424,36
DA:425,12
DA:426,12
DA:427,1
DA:428,1
DA:429,1
DA:430,1
DA:431,1
DA:432,1
DA:433,1
DA:434,1
DA:435,528
DA:436,528
DA:437,528
DA:438,1
DA:439,1
DA:440,242
DA:441,242
DA:442,242
DA:443,242
DA:444,242
DA:445,242
DA:446,242
DA:447,242
DA:448,242
DA:449,1
DA:450,1
DA:451,1
DA:452,26
DA:453,26
DA:454,26
DA:455,26
DA:456,26
DA:457,26
DA:458,76
DA:459,76
DA:460,26
DA:461,26
DA:462,76
DA:463,76
DA:464,26
DA:465,26
DA:466,1
LH:466
LF:466
end_of_record
SF:src/util.js
FN:3,error
FN:7,arr2d
FN:8,anonymous_2
FN:10,getAllRectCoordsClockwise
FNDA:3,error
FNDA:28,arr2d
FNDA:81,anonymous_2
FNDA:18,getAllRectCoordsClockwise
FNF:4
FNH:4
BRDA:1,0,0,2
BRDA:3,1,0,3
BRDA:7,2,0,28
BRDA:8,3,0,81
BRDA:10,4,0,2
BRDA:21,5,0,18
BRDA:26,6,0,7
BRDA:26,7,0,16
BRDA:27,8,0,5
BRDA:27,9,0,14
BRDA:28,10,0,7
BRDA:28,11,0,12
BRDA:29,12,0,5
BRDA:30,13,0,8
BRF:14
BRH:14
DA:1,2
DA:2,2
DA:3,2
DA:4,3
DA:5,2
DA:6,2
DA:7,2
DA:8,2
DA:9,2
DA:10,2
DA:11,2
DA:12,2
DA:13,2
DA:14,2
DA:15,2
DA:16,2
DA:17,2
DA:18,2
DA:19,2
DA:20,2
DA:21,2
DA:22,18
DA:23,18
DA:24,18
DA:25,18
DA:26,18
DA:27,18
DA:28,18
DA:29,12
DA:30,18
DA:31,8
DA:32,8
DA:33,18
DA:34,2
DA:35,2
DA:36,2
LH:36
LF:36
end_of_record
SF:test/coords.js
FN:17,anonymous_0
FN:18,anonymous_1
FN:24,anonymous_2
FN:28,anonymous_3
FN:32,anonymous_4
FN:38,anonymous_5
FN:44,anonymous_6
FN:53,anonymous_7
FN:60,anonymous_8
FNDA:1,anonymous_0
FNDA:1,anonymous_1
FNDA:1,anonymous_2
FNDA:1,anonymous_3
FNDA:1,anonymous_4
FNDA:1,anonymous_5
FNDA:1,anonymous_6
FNDA:1,anonymous_7
FNDA:1,anonymous_8
FNF:9
FNH:9
BRDA:1,0,0,1
BRDA:17,1,0,1
BRDA:18,2,0,1
BRDA:24,3,0,1
BRDA:28,4,0,1
BRDA:32,5,0,1
BRDA:38,6,0,1
BRDA:44,7,0,1
BRDA:53,8,0,1
BRDA:60,9,0,1
BRF:10
BRH:10
DA:1,1
DA:2,1
DA:3,1
DA:4,1
DA:5,1
DA:6,1
DA:7,1
DA:8,1
DA:9,1
DA:10,1
DA:11,1
DA:12,1
DA:13,1
DA:14,1
DA:15,1
DA:16,1
DA:17,1
DA:18,1
DA:19,1
DA:20,1
DA:21,1
DA:22,1
DA:23,1
DA:24,1
DA:25,1
DA:26,1
DA:27,1
DA:28,1
DA:29,1
DA:30,1
DA:31,1
DA:32,1
DA:33,1
DA:34,1
DA:35,1
DA:36,1
DA:37,1
DA:38,1
DA:39,1
DA:40,1
DA:41,1
DA:42,1
DA:43,1
DA:44,1
DA:45,1
DA:46,1
DA:47,1
DA:48,1
DA:49,1
DA:50,1
DA:51,1
DA:52,1
DA:53,1
DA:54,1
DA:55,1
DA:56,1
DA:57,1
DA:58,1
DA:59,1
DA:60,1
DA:61,1
DA:62,1
DA:63,1
DA:64,1
LH:64
LF:64
end_of_record
SF:test/graph.js
FN:59,anonymous_0
FN:60,anonymous_1
FN:69,anonymous_2
FN:78,anonymous_3
FN:88,anonymous_4
FN:97,anonymous_5
FN:105,anonymous_6
FN:106,anonymous_7
FN:125,anonymous_8
FN:135,anonymous_9
FN:144,anonymous_10
FN:147,anonymous_11
FN:151,anonymous_12
FN:152,anonymous_13
FN:166,anonymous_14
FN:179,anonymous_15
FN:186,anonymous_16
FN:194,anonymous_17
FN:202,anonymous_18
FN:211,anonymous_19
FN:215,anonymous_20
FN:232,anonymous_21
FN:247,anonymous_22
FN:255,anonymous_23
FN:262,anonymous_24
FN:296,anonymous_25
FN:317,anonymous_26
FN:334,anonymous_27
FN:358,anonymous_28
FN:375,anonymous_29
FN:391,anonymous_30
FN:396,anonymous_31
FN:401,anonymous_32
FN:402,anonymous_33
FN:409,anonymous_34
FN:410,anonymous_35
FN:414,anonymous_36
FN:433,anonymous_37
FN:444,anonymous_38
FN:575,anonymous_39
FN:599,anonymous_40
FN:642,anonymous_41
FN:690,anonymous_42
FN:691,anonymous_43
FN:709,anonymous_44
FNDA:1,anonymous_0
FNDA:1,anonymous_1
FNDA:1,anonymous_2
FNDA:1,anonymous_3
FNDA:1,anonymous_4
FNDA:1,anonymous_5
FNDA:1,anonymous_6
FNDA:1,anonymous_7
FNDA:1,anonymous_8
FNDA:1,anonymous_9
FNDA:1,anonymous_10
FNDA:1,anonymous_11
FNDA:1,anonymous_12
FNDA:25,anonymous_13
FNDA:1,anonymous_14
FNDA:1,anonymous_15
FNDA:1,anonymous_16
FNDA:1,anonymous_17
FNDA:1,anonymous_18
FNDA:2,anonymous_19
FNDA:1,anonymous_20
FNDA:1,anonymous_21
FNDA:1,anonymous_22
FNDA:1,anonymous_23
FNDA:1,anonymous_24
FNDA:1,anonymous_25
FNDA:1,anonymous_26
FNDA:1,anonymous_27
FNDA:1,anonymous_28
FNDA:1,anonymous_29
FNDA:1,anonymous_30
FNDA:16,anonymous_31
FNDA:16,anonymous_32
FNDA:16,anonymous_33
FNDA:1,anonymous_34
FNDA:1,anonymous_35
FNDA:1,anonymous_36
FNDA:1,anonymous_37
FNDA:1,anonymous_38
FNDA:1,anonymous_39
FNDA:2,anonymous_40
FNDA:1,anonymous_41
FNDA:1,anonymous_42
FNDA:1,anonymous_43
FNDA:1,anonymous_44
FNF:45
FNH:45
BRDA:1,0,0,1
BRDA:59,1,0,1
BRDA:60,2,0,1
BRDA:69,3,0,1
BRDA:78,4,0,1
BRDA:88,5,0,1
BRDA:97,6,0,1
BRDA:105,7,0,1
BRDA:106,8,0,1
BRDA:125,9,0,1
BRDA:135,10,0,1
BRDA:144,11,0,1
BRDA:147,12,0,1
BRDA:151,13,0,1
BRDA:152,14,0,1
BRDA:155,15,0,5
BRDA:156,16,0,25
BRDA:166,17,0,1
BRDA:179,18,0,1
BRDA:186,19,0,1
BRDA:194,20,0,1
BRDA:202,21,0,1
BRDA:211,22,0,2
BRDA:215,23,0,1
BRDA:232,24,0,1
BRDA:247,25,0,1
BRDA:255,26,0,1
BRDA:262,27,0,1
BRDA:296,28,0,1
BRDA:317,29,0,1
BRDA:334,30,0,1
BRDA:358,31,0,1
BRDA:375,32,0,1
BRDA:391,33,0,1
BRDA:396,34,0,16
BRDA:401,35,0,16
BRDA:402,36,0,16
BRDA:409,37,0,1
BRDA:410,38,0,1
BRDA:414,39,0,1
BRDA:433,40,0,1
BRDA:444,41,0,1
BRDA:575,42,0,1
BRDA:599,43,0,1
BRDA:600,44,0,2
BRDA:642,45,0,1
BRDA:690,46,0,1
BRDA:691,47,0,1
BRDA:709,48,0,1
BRF:49
BRH:49
DA:1,1
DA:2,1
DA:3,1
DA:4,1
DA:5,1
DA:6,1
DA:7,1
DA:8,1
DA:9,1
DA:10,1
DA:11,1
DA:12,1
DA:13,1
DA:14,1
DA:15,1
DA:16,1
DA:17,1
DA:18,1
DA:19,1
DA:20,1
DA:21,1
DA:22,1
DA:23,1
DA:24,1
DA:25,1
DA:26,1
DA:27,1
DA:28,1
DA:29,1
DA:30,1
DA:31,1
DA:32,1
DA:33,1
DA:34,1
DA:35,1
DA:36,1
DA:37,1
DA:38,1
DA:39,1
DA:40,1
DA:41,1
DA:42,1
DA:43,1
DA:44,1
DA:45,1
DA:46,1
DA:47,1
DA:48,1
DA:49,1
DA:50,1
DA:51,1
DA:52,1
DA:53,1
DA:54,1
DA:55,1
DA:56,1
DA:57,1
DA:58,1
DA:59,1
DA:60,1
DA:61,1
DA:62,1
DA:63,1
DA:64,1
DA:65,1
DA:66,1
DA:67,1
DA:68,1
DA:69,1
DA:70,1
DA:71,1
DA:72,1
DA:73,1
DA:74,1
DA:75,1
DA:76,1
DA:77,1
DA:78,1
DA:79,1
DA:80,1
DA:81,1
DA:82,1
DA:83,1
DA:84,1
DA:85,1
DA:86,1
DA:87,1
DA:88,1
DA:89,1
DA:90,1
DA:91,1
DA:92,1
DA:93,1
DA:94,1
DA:95,1
DA:96,1
DA:97,1
DA:98,1
DA:99,1
DA:100,1
DA:101,1
DA:102,1
DA:103,1
DA:104,1
DA:105,1
DA:106,1
DA:107,1
DA:108,1
DA:109,1
DA:110,1
DA:111,1
DA:112,1
DA:113,1
DA:114,1
DA:115,1
DA:116,1
DA:117,1
DA:118,1
DA:119,1
DA:120,1
DA:121,1
DA:122,1
DA:123,1
DA:124,1
DA:125,1
DA:126,1
DA:127,1
DA:128,1
DA:129,1
DA:130,1
DA:131,1
DA:132,1
DA:133,1
DA:134,1
DA:135,1
DA:136,1
DA:137,1
DA:138,1
DA:139,1
DA:140,1
DA:141,1
DA:142,1
DA:143,1
DA:144,1
DA:145,1
DA:146,1
DA:147,1
DA:148,1
DA:149,1
DA:150,1
DA:151,1
DA:152,1
DA:153,1
DA:154,1
DA:155,1
DA:156,5
DA:157,25
DA:158,25
DA:159,25
DA:160,25
DA:161,25
DA:162,25
DA:163,5
DA:164,1
DA:165,1
DA:166,1
DA:167,1
DA:168,1
DA:169,1
DA:170,1
DA:171,1
DA:172,1
DA:173,1
DA:174,1
DA:175,1
DA:176,1
DA:177,1
DA:178,1
DA:179,1
DA:180,1
DA:181,1
DA:182,1
DA:183,1
DA:184,1
DA:185,1
DA:186,1
DA:187,1
DA:188,1
DA:189,1
DA:190,1
DA:191,1
DA:192,1
DA:193,1
DA:194,1
DA:195,1
DA:196,1
DA:197,1
DA:198,1
DA:199,1
DA:200,1
DA:201,1
DA:202,1
DA:203,1
DA:204,1
DA:205,1
DA:206,1
DA:207,1
DA:208,1
DA:209,1
DA:210,1
DA:211,1
DA:212,1
DA:213,1
DA:214,1
DA:215,1
DA:216,1
DA:217,1
DA:218,1
DA:219,1
DA:220,1
DA:221,1
DA:222,1
DA:223,1
DA:224,1
DA:225,1
DA:226,1
DA:227,1
DA:228,1
DA:229,1
DA:230,1
DA:231,1
DA:232,1
DA:233,1
DA:234,1
DA:235,1
DA:236,1
DA:237,1
DA:238,1
DA:239,1
DA:240,1
DA:241,1
DA:242,1
DA:243,1
DA:244,1
DA:245,1
DA:246,1
DA:247,1
DA:248,1
DA:249,1
DA:250,1
DA:251,1
DA:252,1
DA:253,1
DA:254,1
DA:255,1
DA:256,1
DA:257,1
DA:258,1
DA:259,1
DA:260,1
DA:261,1
DA:262,1
DA:263,1
DA:264,1
DA:265,1
DA:266,1
DA:267,1
DA:268,1
DA:269,1
DA:270,1
DA:271,1
DA:272,1
DA:273,1
DA:274,1
DA:275,1
DA:276,1
DA:277,1
DA:278,1
DA:279,1
DA:280,1
DA:281,1
DA:282,1
DA:283,1
DA:284,1
DA:285,1
DA:286,1
DA:287,1
DA:288,1
DA:289,1
DA:290,1
DA:291,1
DA:292,1
DA:293,1
DA:294,1
DA:295,1
DA:296,1
DA:297,1
DA:298,1
DA:299,1
DA:300,1
DA:301,1
DA:302,1
DA:303,1
DA:304,1
DA:305,1
DA:306,1
DA:307,1
DA:308,1
DA:309,1
DA:310,1
DA:311,1
DA:312,1
DA:313,1
DA:314,1
DA:315,1
DA:316,1
DA:317,1
DA:318,1
DA:319,1
DA:320,1
DA:321,1
DA:322,1
DA:323,1
DA:324,1
DA:325,1
DA:326,1
DA:327,1
DA:328,1
DA:329,1
DA:330,1
DA:331,1
DA:332,1
DA:333,1
DA:334,1
DA:335,1
DA:336,1
DA:337,1
DA:338,1
DA:339,1
DA:340,1
DA:341,1
DA:342,1
DA:343,1
DA:344,1
DA:345,1
DA:346,1
DA:347,1
DA:348,1
DA:349,1
DA:350,1
DA:351,1
DA:352,1
DA:353,1
DA:354,1
DA:355,1
DA:356,1
DA:357,1
DA:358,1
DA:359,1
DA:360,1
DA:361,1
DA:362,1
DA:363,1
DA:364,1
DA:365,1
DA:366,1
DA:367,1
DA:368,1
DA:369,1
DA:370,1
DA:371,1
DA:372,1
DA:373,1
DA:374,1
DA:375,1
DA:376,1
DA:377,1
DA:378,1
DA:379,1
DA:380,1
DA:381,1
DA:382,1
DA:383,1
DA:384,1
DA:385,1
DA:386,1
DA:387,1
DA:388,1
DA:389,1
DA:390,1
DA:391,1
DA:392,1
DA:393,1
DA:394,1
DA:395,1
DA:396,1
DA:397,1
DA:398,1
DA:399,1
DA:400,1
DA:401,1
DA:402,1
DA:403,1
DA:404,1
DA:405,1
DA:406,1
DA:407,1
DA:408,1
DA:409,1
DA:410,1
DA:411,1
DA:412,1
DA:413,1
DA:414,1
DA:415,1
DA:416,1
DA:417,1
DA:418,1
DA:419,1
DA:420,1
DA:421,1
DA:422,1
DA:423,1
DA:424,1
DA:425,1
DA:426,1
DA:427,1
DA:428,1
DA:429,1
DA:430,1
DA:431,1
DA:432,1
DA:433,1
DA:434,1
DA:435,1
DA:436,1
DA:437,1
DA:438,1
DA:439,1
DA:440,1
DA:441,1
DA:442,1
DA:443,1
DA:444,1
DA:445,1
DA:446,1
DA:447,1
DA:448,1
DA:449,1
DA:450,1
DA:451,1
DA:452,1
DA:453,1
DA:454,1
DA:455,1
DA:456,1
DA:457,1
DA:458,1
DA:459,1
DA:460,1
DA:461,1
DA:462,1
DA:463,1
DA:464,1
DA:465,1
DA:466,1
DA:467,1
DA:468,1
DA:469,1
DA:470,1
DA:471,1
DA:472,1
DA:473,1
DA:474,1
DA:475,1
DA:476,1
DA:477,1
DA:478,1
DA:479,1
DA:480,1
DA:481,1
DA:482,1
DA:483,1
DA:484,1
DA:485,1
DA:486,1
DA:487,1
DA:488,1
DA:489,1
DA:490,1
DA:491,1
DA:492,1
DA:493,1
DA:494,1
DA:495,1
DA:496,1
DA:497,1
DA:498,1
DA:499,1
DA:500,1
DA:501,1
DA:502,1
DA:503,1
DA:504,1
DA:505,1
DA:506,1
DA:507,1
DA:508,1
DA:509,1
DA:510,1
DA:511,1
DA:512,1
DA:513,1
DA:514,1
DA:515,1
DA:516,1
DA:517,1
DA:518,1
DA:519,1
DA:520,1
DA:521,1
DA:522,1
DA:523,1
DA:524,1
DA:525,1
DA:526,1
DA:527,1
DA:528,1
DA:529,1
DA:530,1
DA:531,1
DA:532,1
DA:533,1
DA:534,1
DA:535,1
DA:536,1
DA:537,1
DA:538,1
DA:539,1
DA:540,1
DA:541,1
DA:542,1
DA:543,1
DA:544,1
DA:545,1
DA:546,1
DA:547,1
DA:548,1
DA:549,1
DA:550,1
DA:551,1
DA:552,1
DA:553,1
DA:554,1
DA:555,1
DA:556,1
DA:557,1
DA:558,1
DA:559,1
DA:560,1
DA:561,1
DA:562,1
DA:563,1
DA:564,1
DA:565,1
DA:566,1
DA:567,1
DA:568,1
DA:569,1
DA:570,1
DA:571,1
DA:572,1
DA:573,1
DA:574,1
DA:575,1
DA:576,1
DA:577,1
DA:578,1
DA:579,1
DA:580,1
DA:581,1
DA:582,1
DA:583,1
DA:584,1
DA:585,1
DA:586,1
DA:587,1
DA:588,1
DA:589,1
DA:590,1
DA:591,1
DA:592,1
DA:593,1
DA:594,1
DA:595,1
DA:596,1
DA:597,1
DA:598,1
DA:599,1
DA:600,1
DA:601,2
DA:602,2
DA:603,2
DA:604,2
DA:605,2
DA:606,2
DA:607,2
DA:608,2
DA:609,2
DA:610,2
DA:611,2
DA:612,2
DA:613,2
DA:614,2
DA:615,2
DA:616,2
DA:617,2
DA:618,2
DA:619,2
DA:620,2
DA:621,2
DA:622,2
DA:623,2
DA:624,2
DA:625,2
DA:626,2
DA:627,2
DA:628,2
DA:629,2
DA:630,2
DA:631,2
DA:632,2
DA:633,2
DA:634,2
DA:635,2
DA:636,2
DA:637,2
DA:638,2
DA:639,2
DA:640,1
DA:641,1
DA:642,1
DA:643,1
DA:644,1
DA:645,1
DA:646,1
DA:647,1
DA:648,1
DA:649,1
DA:650,1
DA:651,1
DA:652,1
DA:653,1
DA:654,1
DA:655,1
DA:656,1
DA:657,1
DA:658,1
DA:659,1
DA:660,1
DA:661,1
DA:662,1
DA:663,1
DA:664,1
DA:665,1
DA:666,1
DA:667,1
DA:668,1
DA:669,1
DA:670,1
DA:671,1
DA:672,1
DA:673,1
DA:674,1
DA:675,1
DA:676,1
DA:677,1
DA:678,1
DA:679,1
DA:680,1
DA:681,1
DA:682,1
DA:683,1
DA:684,1
DA:685,1
DA:686,1
DA:687,1
DA:688,1
DA:689,1
DA:690,1
DA:691,1
DA:692,1
DA:693,1
DA:694,1
DA:695,1
DA:696,1
DA:697,1
DA:698,1
DA:699,1
DA:700,1
DA:701,1
DA:702,1
DA:703,1
DA:704,1
DA:705,1
DA:706,1
DA:707,1
DA:708,1
DA:709,1
DA:710,1
DA:711,1
DA:712,1
DA:713,1
DA:714,1
DA:715,1
DA:716,1
DA:717,1
DA:718,1
DA:719,1
DA:720,1
DA:721,1
DA:722,1
DA:723,1
DA:724,1
DA:725,1
DA:726,1
DA:727,1
LH:727
LF:727
end_of_record
SF:test/util.js
FN:6,anonymous_0
FN:7,anonymous_1
FN:15,anonymous_2
FN:17,anonymous_3
FN:21,anonymous_4
FN:28,anonymous_5
FN:30,anonymous_6
FN:35,anonymous_7
FN:36,anonymous_8
FN:40,anonymous_9
FN:49,anonymous_10
FN:50,anonymous_11
FNDA:1,anonymous_0
FNDA:1,anonymous_1
FNDA:3,anonymous_2
FNDA:12,anonymous_3
FNDA:1,anonymous_4
FNDA:2,anonymous_5
FNDA:4,anonymous_6
FNDA:1,anonymous_7
FNDA:1,anonymous_8
FNDA:1,anonymous_9
FNDA:1,anonymous_10
FNDA:1,anonymous_11
FNF:12
FNH:12
BRDA:1,0,0,1
BRDA:6,1,0,1
BRDA:7,2,0,1
BRDA:15,3,0,3
BRDA:17,4,0,12
BRDA:21,5,0,1
BRDA:28,6,0,2
BRDA:30,7,0,4
BRDA:35,8,0,1
BRDA:36,9,0,1
BRDA:40,10,0,1
BRDA:49,11,0,1
BRDA:50,12,0,1
BRF:13
BRH:13
DA:1,1
DA:2,1
DA:3,1
DA:4,1
DA:5,1
DA:6,1
DA:7,1
DA:8,1
DA:9,1
DA:10,1
DA:11,1
DA:12,1
DA:13,1
DA:14,1
DA:15,1
DA:16,3
DA:17,3
DA:18,1
DA:19,1
DA:20,1
DA:21,1
DA:22,1
DA:23,1
DA:24,1
DA:25,1
DA:26,1
DA:27,1
DA:28,1
DA:29,2
DA:30,2
DA:31,1
DA:32,1
DA:33,1
DA:34,1
DA:35,1
DA:36,1
DA:37,1
DA:38,1
DA:39,1
DA:40,1
DA:41,1
DA:42,1
DA:43,1
DA:44,1
DA:45,1
DA:46,1
DA:47,1
DA:48,1
DA:49,1
DA:50,1
DA:51,1
DA:52,1
DA:53,1
DA:54,1
DA:55,1
DA:56,1
DA:57,1
DA:58,1
DA:59,1
DA:60,1
DA:61,1
DA:62,1
DA:63,1
DA:64,1
DA:65,1
DA:66,1
DA:67,1
DA:68,1
DA:69,1
LH:69
LF:69
end_of_record
